0 info it worked if it ends with ok
1 verbose cli [ 'node', '/usr/local/bin/npm', 'run', 'protractor' ]
2 info using npm@1.4.9
3 info using node@v0.10.28
4 verbose run-script [ 'preprotractor', 'protractor', 'postprotractor' ]
5 info preprotractor MatchTreeBuilder@0.0.0
6 verbose unsafe-perm in lifecycle true
7 info MatchTreeBuilder@0.0.0 Failed to exec preprotractor script
8 error MatchTreeBuilder@0.0.0 preprotractor: `npm run update-webdriver`
8 error Exit status 1
9 error Failed at the MatchTreeBuilder@0.0.0 preprotractor script.
9 error This is most likely a problem with the MatchTreeBuilder package,
9 error not with npm itself.
9 error Tell the author that this fails on your system:
9 error     npm run update-webdriver
9 error You can get their info via:
9 error     npm owner ls MatchTreeBuilder
9 error There is likely additional logging output above.
10 error System Darwin 13.1.0
11 error command "node" "/usr/local/bin/npm" "run" "protractor"
12 error cwd /Users/martijn/Documents/workspace/Angular/TreeBuilder
13 error node -v v0.10.28
14 error npm -v 1.4.9
15 error code ELIFECYCLE
16 verbose exit [ 1, true ]
